2016-11-27 01:37:39,516 [7] ERROR EPiServer.Global: 1.2.5 Unhandled exception in ASP.NET
System.Web.HttpException (0x80004005): Path '/modules/_protected/Drive/scripts/scripts/widgets/menu/menu.html' was not found.
   at System.Web.HttpNotFoundHandler.ProcessRequest(HttpContext context)
   at System.Web.HttpApplication.CallHandlerExecutionStep.System.Web.HttpApplication.IExecutionStep.Execute()
   at System.Web.HttpApplication.ExecuteStep(IExecutionStep step, Boolean& completedSynchronously)
System.Web.HttpException (0x80004005): Path '/modules/_protected/Drive/scripts/scripts/widgets/menu/menu.html' was not found.
   at System.Web.HttpNotFoundHandler.ProcessRequest(HttpContext context)
   at System.Web.HttpApplication.CallHandlerExecutionStep.System.Web.HttpApplication.IExecutionStep.Execute()
   at System.Web.HttpApplication.ExecuteStep(IExecutionStep step, Boolean& completedSynchronously)
2016-11-27 18:41:48,654 [1] ERROR EPiServer.Shell.UI.Messaging.Internal.DefaultWebSocketHandler: Web socket communication failure
System.Net.WebSockets.WebSocketException (0x800703E3): The I/O operation has been aborted because of either a thread exit or an application request
   at System.Web.WebSockets.WebSocketPipe.<>c__DisplayClass9_0.<ReadFragmentAsync>b__0(Int32 hrError, Int32 cbIO, Boolean fUtf8Encoded, Boolean fFinalFragment, Boolean fClose)
--- End of stack trace from previous location where exception was thrown ---
   at System.Runtime.CompilerServices.TaskAwaiter.ThrowForNonSuccess(Task task)
   at System.Runtime.CompilerServices.TaskAwaiter.HandleNonSuccessAndDebuggerNotification(Task task)
   at System.Web.WebSockets.AspNetWebSocket.<DoWork>d__45`1.MoveNext()
--- End of stack trace from previous location where exception was thrown ---
   at System.Runtime.CompilerServices.TaskAwaiter.ThrowForNonSuccess(Task task)
   at System.Runtime.CompilerServices.TaskAwaiter.HandleNonSuccessAndDebuggerNotification(Task task)
   at System.Web.WebSockets.AspNetWebSocket.<>c__DisplayClass36_0.<<ReceiveAsyncImpl>b__0>d.MoveNext()
--- End of stack trace from previous location where exception was thrown ---
   at System.Runtime.CompilerServices.TaskAwaiter.ThrowForNonSuccess(Task task)
   at System.Runtime.CompilerServices.TaskAwaiter.HandleNonSuccessAndDebuggerNotification(Task task)
   at EPiServer.Shell.UI.Messaging.Internal.DefaultWebSocketHandler.<ProcessWebSocketRequestAsync>d__7.MoveNext()
System.Net.WebSockets.WebSocketException (0x800703E3): The I/O operation has been aborted because of either a thread exit or an application request
   at System.Web.WebSockets.WebSocketPipe.<>c__DisplayClass9_0.<ReadFragmentAsync>b__0(Int32 hrError, Int32 cbIO, Boolean fUtf8Encoded, Boolean fFinalFragment, Boolean fClose)
--- End of stack trace from previous location where exception was thrown ---
   at System.Runtime.CompilerServices.TaskAwaiter.ThrowForNonSuccess(Task task)
   at System.Runtime.CompilerServices.TaskAwaiter.HandleNonSuccessAndDebuggerNotification(Task task)
   at System.Web.WebSockets.AspNetWebSocket.<DoWork>d__45`1.MoveNext()
--- End of stack trace from previous location where exception was thrown ---
   at System.Runtime.CompilerServices.TaskAwaiter.ThrowForNonSuccess(Task task)
   at System.Runtime.CompilerServices.TaskAwaiter.HandleNonSuccessAndDebuggerNotification(Task task)
   at System.Web.WebSockets.AspNetWebSocket.<>c__DisplayClass36_0.<<ReceiveAsyncImpl>b__0>d.MoveNext()
--- End of stack trace from previous location where exception was thrown ---
   at System.Runtime.CompilerServices.TaskAwaiter.ThrowForNonSuccess(Task task)
   at System.Runtime.CompilerServices.TaskAwaiter.HandleNonSuccessAndDebuggerNotification(Task task)
   at EPiServer.Shell.UI.Messaging.Internal.DefaultWebSocketHandler.<ProcessWebSocketRequestAsync>d__7.MoveNext()
2016-11-27 18:42:40,804 [18] ERROR EPiServer.Shell.UI.Messaging.Internal.DefaultWebSocketHandler: Web socket communication failure
System.Net.WebSockets.WebSocketException (0x800703E3): The I/O operation has been aborted because of either a thread exit or an application request
   at System.Web.WebSockets.WebSocketPipe.<>c__DisplayClass9_0.<ReadFragmentAsync>b__0(Int32 hrError, Int32 cbIO, Boolean fUtf8Encoded, Boolean fFinalFragment, Boolean fClose)
--- End of stack trace from previous location where exception was thrown ---
   at System.Runtime.CompilerServices.TaskAwaiter.ThrowForNonSuccess(Task task)
   at System.Runtime.CompilerServices.TaskAwaiter.HandleNonSuccessAndDebuggerNotification(Task task)
   at System.Web.WebSockets.AspNetWebSocket.<DoWork>d__45`1.MoveNext()
--- End of stack trace from previous location where exception was thrown ---
   at System.Runtime.CompilerServices.TaskAwaiter.ThrowForNonSuccess(Task task)
   at System.Runtime.CompilerServices.TaskAwaiter.HandleNonSuccessAndDebuggerNotification(Task task)
   at System.Web.WebSockets.AspNetWebSocket.<>c__DisplayClass36_0.<<ReceiveAsyncImpl>b__0>d.MoveNext()
--- End of stack trace from previous location where exception was thrown ---
   at System.Runtime.CompilerServices.TaskAwaiter.ThrowForNonSuccess(Task task)
   at System.Runtime.CompilerServices.TaskAwaiter.HandleNonSuccessAndDebuggerNotification(Task task)
   at EPiServer.Shell.UI.Messaging.Internal.DefaultWebSocketHandler.<ProcessWebSocketRequestAsync>d__7.MoveNext()
System.Net.WebSockets.WebSocketException (0x800703E3): The I/O operation has been aborted because of either a thread exit or an application request
   at System.Web.WebSockets.WebSocketPipe.<>c__DisplayClass9_0.<ReadFragmentAsync>b__0(Int32 hrError, Int32 cbIO, Boolean fUtf8Encoded, Boolean fFinalFragment, Boolean fClose)
--- End of stack trace from previous location where exception was thrown ---
   at System.Runtime.CompilerServices.TaskAwaiter.ThrowForNonSuccess(Task task)
   at System.Runtime.CompilerServices.TaskAwaiter.HandleNonSuccessAndDebuggerNotification(Task task)
   at System.Web.WebSockets.AspNetWebSocket.<DoWork>d__45`1.MoveNext()
--- End of stack trace from previous location where exception was thrown ---
   at System.Runtime.CompilerServices.TaskAwaiter.ThrowForNonSuccess(Task task)
   at System.Runtime.CompilerServices.TaskAwaiter.HandleNonSuccessAndDebuggerNotification(Task task)
   at System.Web.WebSockets.AspNetWebSocket.<>c__DisplayClass36_0.<<ReceiveAsyncImpl>b__0>d.MoveNext()
--- End of stack trace from previous location where exception was thrown ---
   at System.Runtime.CompilerServices.TaskAwaiter.ThrowForNonSuccess(Task task)
   at System.Runtime.CompilerServices.TaskAwaiter.HandleNonSuccessAndDebuggerNotification(Task task)
   at EPiServer.Shell.UI.Messaging.Internal.DefaultWebSocketHandler.<ProcessWebSocketRequestAsync>d__7.MoveNext()
2016-11-27 19:38:47,056 [32] ERROR EPiServer.Global: 1.2.5 Unhandled exception in ASP.NET
System.Web.HttpException (0x80004005): A potentially dangerous Request.Path value was detected from the client (&).
   at System.Web.HttpRequest.ValidateInputIfRequiredByConfig()
   at System.Web.HttpApplication.PipelineStepManager.ValidateHelper(HttpContext context)
System.Web.HttpException (0x80004005): A potentially dangerous Request.Path value was detected from the client (&).
   at System.Web.HttpRequest.ValidateInputIfRequiredByConfig()
   at System.Web.HttpApplication.PipelineStepManager.ValidateHelper(HttpContext context)
